# JRE version: Java(TM) SE Runtime Environment (16.0+36) (build 16+36-2231)
# Java VM: Java HotSpot(TM) 64-Bit Server VM (16+36-2231, mixed mode, sharing, tiered, compressed oops, g1 gc, windows-amd64)
GC Precious Log:
 CPUs: 8 total, 8 available
 Memory: 32670M
 Large Page Support: Disabled
 NUMA Support: Disabled
 Compressed Oops: Enabled (Zero based)
 Heap Region Size: 4M
 Heap Min Capacity: 8M
 Heap Initial Capacity: 512M
 Heap Max Capacity: 8168M
 Pre-touch: Disabled
 Parallel Workers: 8
 Concurrent Workers: 2
 Concurrent Refinement Workers: 8
 Periodic GC: Disabled
Heap:
 garbage-first heap   total 757760K, used 442747K [0x0000000601800000, 0x0000000800000000)
  region size 4096K, 88 young (360448K), 1 survivors (4096K)
 Metaspace       used 16341K, committed 16576K, reserved 1064960K
  class space    used 1823K, committed 1920K, reserved 1048576K
GC Heap History (20 events):
Event: 3.212 GC heap before
{Heap before GC invocations=25 (full 0):
 garbage-first heap   total 757760K, used 524629K [0x0000000601800000, 0x0000000800000000)
  region size 4096K, 111 young (454656K), 1 survivors (4096K)
 Metaspace       used 11987K, committed 12160K, reserved 1064960K
  class space    used 1325K, committed 1408K, reserved 1048576K
}
Event: 3.213 GC heap after
{Heap after GC invocations=26 (full 0):
 garbage-first heap   total 757760K, used 74071K [0x0000000601800000, 0x0000000800000000)
  region size 4096K, 1 young (4096K), 1 survivors (4096K)
 Metaspace       used 11987K, committed 12160K, reserved 1064960K
  class space    used 1325K, committed 1408K, reserved 1048576K
}
Event: 3.312 GC heap before
{Heap before GC invocations=26 (full 0):
 garbage-first heap   total 757760K, used 541015K [0x0000000601800000, 0x0000000800000000)
  region size 4096K, 111 young (454656K), 1 survivors (4096K)
 Metaspace       used 11994K, committed 12160K, reserved 1064960K
  class space    used 1325K, committed 1408K, reserved 1048576K
}
Event: 3.313 GC heap after
{Heap after GC invocations=27 (full 0):
 garbage-first heap   total 757760K, used 90466K [0x0000000601800000, 0x0000000800000000)
  region size 4096K, 1 young (4096K), 1 survivors (4096K)
 Metaspace       used 11994K, committed 12160K, reserved 1064960K
  class space    used 1325K, committed 1408K, reserved 1048576K
}
Event: 3.406 GC heap before
{Heap before GC invocations=27 (full 0):
 garbage-first heap   total 757760K, used 541026K [0x0000000601800000, 0x0000000800000000)
  region size 4096K, 111 young (454656K), 1 survivors (4096K)
 Metaspace       used 12000K, committed 12160K, reserved 1064960K
  class space    used 1325K, committed 1408K, reserved 1048576K
}
Event: 3.407 GC heap after
{Heap after GC invocations=28 (full 0):
 garbage-first heap   total 757760K, used 90474K [0x0000000601800000, 0x0000000800000000)
  region size 4096K, 1 young (4096K), 1 survivors (4096K)
 Metaspace       used 12000K, committed 12160K, reserved 1064960K
  class space    used 1325K, committed 1408K, reserved 1048576K
}
Event: 3.501 GC heap before
{Heap before GC invocations=28 (full 0):
 garbage-first heap   total 757760K, used 541034K [0x0000000601800000, 0x0000000800000000)
  region size 4096K, 111 young (454656K), 1 survivors (4096K)
 Metaspace       used 12004K, committed 12160K, reserved 1064960K
  class space    used 1325K, committed 1408K, reserved 1048576K
}
Event: 3.502 GC heap after
{Heap after GC invocations=29 (full 0):
 garbage-first heap   total 757760K, used 90473K [0x0000000601800000, 0x0000000800000000)
  region size 4096K, 1 young (4096K), 1 survivors (4096K)
 Metaspace       used 12004K, committed 12160K, reserved 1064960K
  class space    used 1325K, committed 1408K, reserved 1048576K
}
Event: 3.588 GC heap before
{Heap before GC invocations=29 (full 0):
 garbage-first heap   total 757760K, used 541033K [0x0000000601800000, 0x0000000800000000)
  region size 4096K, 111 young (454656K), 1 survivors (4096K)
 Metaspace       used 12011K, committed 12160K, reserved 1064960K
  class space    used 1325K, committed 1408K, reserved 1048576K
}
Event: 3.589 GC heap after
{Heap after GC invocations=30 (full 0):
 garbage-first heap   total 757760K, used 90479K [0x0000000601800000, 0x0000000800000000)
  region size 4096K, 1 young (4096K), 1 survivors (4096K)
 Metaspace       used 12011K, committed 12160K, reserved 1064960K
  class space    used 1325K, committed 1408K, reserved 1048576K
}
Event: 3.683 GC heap before
{Heap before GC invocations=30 (full 0):
 garbage-first heap   total 757760K, used 541039K [0x0000000601800000, 0x0000000800000000)
  region size 4096K, 111 young (454656K), 1 survivors (4096K)
 Metaspace       used 12011K, committed 12160K, reserved 1064960K
  class space    used 1325K, committed 1408K, reserved 1048576K
}
Event: 3.683 GC heap after
{Heap after GC invocations=31 (full 0):
 garbage-first heap   total 757760K, used 90480K [0x0000000601800000, 0x0000000800000000)
  region size 4096K, 1 young (4096K), 1 survivors (4096K)
 Metaspace       used 12011K, committed 12160K, reserved 1064960K
  class space    used 1325K, committed 1408K, reserved 1048576K
}
Event: 3.778 GC heap before
{Heap before GC invocations=31 (full 0):
 garbage-first heap   total 757760K, used 541040K [0x0000000601800000, 0x0000000800000000)
  region size 4096K, 111 young (454656K), 1 survivors (4096K)
 Metaspace       used 12011K, committed 12160K, reserved 1064960K
  class space    used 1325K, committed 1408K, reserved 1048576K
}
Event: 3.779 GC heap after
{Heap after GC invocations=32 (full 0):
 garbage-first heap   total 757760K, used 90484K [0x0000000601800000, 0x0000000800000000)
  region size 4096K, 1 young (4096K), 1 survivors (4096K)
 Metaspace       used 12011K, committed 12160K, reserved 1064960K
  class space    used 1325K, committed 1408K, reserved 1048576K
}
Event: 3.854 GC heap before
{Heap before GC invocations=32 (full 0):
 garbage-first heap   total 757760K, used 541044K [0x0000000601800000, 0x0000000800000000)
  region size 4096K, 111 young (454656K), 1 survivors (4096K)
 Metaspace       used 12011K, committed 12160K, reserved 1064960K
  class space    used 1325K, committed 1408K, reserved 1048576K
}
Event: 3.855 GC heap after
{Heap after GC invocations=33 (full 0):
 garbage-first heap   total 757760K, used 90486K [0x0000000601800000, 0x0000000800000000)
  region size 4096K, 1 young (4096K), 1 survivors (4096K)
 Metaspace       used 12011K, committed 12160K, reserved 1064960K
  class space    used 1325K, committed 1408K, reserved 1048576K
}
Event: 4.051 GC heap before
{Heap before GC invocations=33 (full 0):
 garbage-first heap   total 757760K, used 541046K [0x0000000601800000, 0x0000000800000000)
  region size 4096K, 111 young (454656K), 1 survivors (4096K)
 Metaspace       used 12026K, committed 12160K, reserved 1064960K
  class space    used 1325K, committed 1408K, reserved 1048576K
}
Event: 4.052 GC heap after
{Heap after GC invocations=34 (full 0):
 garbage-first heap   total 757760K, used 90487K [0x0000000601800000, 0x0000000800000000)
  region size 4096K, 1 young (4096K), 1 survivors (4096K)
 Metaspace       used 12026K, committed 12160K, reserved 1064960K
  class space    used 1325K, committed 1408K, reserved 1048576K
}
Event: 4.328 GC heap before
{Heap before GC invocations=34 (full 0):
 garbage-first heap   total 757760K, used 536951K [0x0000000601800000, 0x0000000800000000)
  region size 4096K, 111 young (454656K), 1 survivors (4096K)
 Metaspace       used 12036K, committed 12160K, reserved 1064960K
  class space    used 1325K, committed 1408K, reserved 1048576K
}
Event: 4.329 GC heap after
{Heap after GC invocations=35 (full 0):
 garbage-first heap   total 757760K, used 90491K [0x0000000601800000, 0x0000000800000000)
  region size 4096K, 1 young (4096K), 1 survivors (4096K)
 Metaspace       used 12036K, committed 12160K, reserved 1064960K
  class space    used 1325K, committed 1408K, reserved 1048576K
}

