# JRE version: Java(TM) SE Runtime Environment (16.0+36) (build 16+36-2231)
# Java VM: Java HotSpot(TM) 64-Bit Server VM (16+36-2231, mixed mode, sharing, tiered, compressed oops, g1 gc, windows-amd64)
GC Precious Log:
 CPUs: 8 total, 8 available
 Memory: 32670M
 Large Page Support: Disabled
 NUMA Support: Disabled
 Compressed Oops: Enabled (Zero based)
 Heap Region Size: 4M
 Heap Min Capacity: 8M
 Heap Initial Capacity: 512M
 Heap Max Capacity: 8168M
 Pre-touch: Disabled
 Parallel Workers: 8
 Concurrent Workers: 2
 Concurrent Refinement Workers: 8
 Periodic GC: Disabled
Heap:
 garbage-first heap   total 524288K, used 67964K [0x0000000601800000, 0x0000000800000000)
  region size 4096K, 11 young (45056K), 3 survivors (12288K)
 Metaspace       used 17078K, committed 17344K, reserved 1064960K
  class space    used 1938K, committed 2048K, reserved 1048576K
GC Heap History (6 events):
Event: 3.785 GC heap before
{Heap before GC invocations=0 (full 0):
 garbage-first heap   total 524288K, used 24576K [0x0000000601800000, 0x0000000800000000)
  region size 4096K, 6 young (24576K), 0 survivors (0K)
 Metaspace       used 12371K, committed 12608K, reserved 1064960K
  class space    used 1409K, committed 1536K, reserved 1048576K
}
Event: 3.789 GC heap after
{Heap after GC invocations=1 (full 0):
 garbage-first heap   total 524288K, used 4446K [0x0000000601800000, 0x0000000800000000)
  region size 4096K, 1 young (4096K), 1 survivors (4096K)
 Metaspace       used 12371K, committed 12608K, reserved 1064960K
  class space    used 1409K, committed 1536K, reserved 1048576K
}
Event: 5.509 GC heap before
{Heap before GC invocations=1 (full 0):
 garbage-first heap   total 524288K, used 24926K [0x0000000601800000, 0x0000000800000000)
  region size 4096K, 6 young (24576K), 1 survivors (4096K)
 Metaspace       used 13349K, committed 13504K, reserved 1064960K
  class space    used 1474K, committed 1536K, reserved 1048576K
}
Event: 5.514 GC heap after
{Heap after GC invocations=2 (full 0):
 garbage-first heap   total 524288K, used 9290K [0x0000000601800000, 0x0000000800000000)
  region size 4096K, 1 young (4096K), 1 survivors (4096K)
 Metaspace       used 13349K, committed 13504K, reserved 1064960K
  class space    used 1474K, committed 1536K, reserved 1048576K
}
Event: 5.579 GC heap before
{Heap before GC invocations=2 (full 0):
 garbage-first heap   total 524288K, used 50250K [0x0000000601800000, 0x0000000800000000)
  region size 4096K, 11 young (45056K), 1 survivors (4096K)
 Metaspace       used 13365K, committed 13504K, reserved 1064960K
  class space    used 1474K, committed 1536K, reserved 1048576K
}
Event: 5.586 GC heap after
{Heap after GC invocations=3 (full 0):
 garbage-first heap   total 524288K, used 22173K [0x0000000601800000, 0x0000000800000000)
  region size 4096K, 2 young (8192K), 2 survivors (8192K)
 Metaspace       used 13365K, committed 13504K, reserved 1064960K
  class space    used 1474K, committed 1536K, reserved 1048576K
}

