# JRE version: Java(TM) SE Runtime Environment (16.0+36) (build 16+36-2231)
# Java VM: Java HotSpot(TM) 64-Bit Server VM (16+36-2231, mixed mode, sharing, tiered, compressed oops, g1 gc, windows-amd64)
GC Precious Log:
 CPUs: 8 total, 8 available
 Memory: 32670M
 Large Page Support: Disabled
 NUMA Support: Disabled
 Compressed Oops: Enabled (Zero based)
 Heap Region Size: 4M
 Heap Min Capacity: 8M
 Heap Initial Capacity: 512M
 Heap Max Capacity: 8168M
 Pre-touch: Disabled
 Parallel Workers: 8
 Concurrent Workers: 2
 Concurrent Refinement Workers: 8
 Periodic GC: Disabled
Heap:
 garbage-first heap   total 524288K, used 89187K [0x0000000601800000, 0x0000000800000000)
  region size 4096K, 16 young (65536K), 3 survivors (12288K)
 Metaspace       used 17226K, committed 17536K, reserved 1064960K
  class space    used 1951K, committed 2112K, reserved 1048576K
GC Heap History (6 events):
Event: 9.140 GC heap before
{Heap before GC invocations=0 (full 0):
 garbage-first heap   total 524288K, used 24576K [0x0000000601800000, 0x0000000800000000)
  region size 4096K, 6 young (24576K), 0 survivors (0K)
 Metaspace       used 12702K, committed 12928K, reserved 1064960K
  class space    used 1451K, committed 1536K, reserved 1048576K
}
Event: 9.144 GC heap after
{Heap after GC invocations=1 (full 0):
 garbage-first heap   total 524288K, used 4626K [0x0000000601800000, 0x0000000800000000)
  region size 4096K, 1 young (4096K), 1 survivors (4096K)
 Metaspace       used 12702K, committed 12928K, reserved 1064960K
  class space    used 1451K, committed 1536K, reserved 1048576K
}
Event: 10.700 GC heap before
{Heap before GC invocations=1 (full 0):
 garbage-first heap   total 524288K, used 25106K [0x0000000601800000, 0x0000000800000000)
  region size 4096K, 6 young (24576K), 1 survivors (4096K)
 Metaspace       used 13416K, committed 13632K, reserved 1064960K
  class space    used 1474K, committed 1536K, reserved 1048576K
}
Event: 10.704 GC heap after
{Heap after GC invocations=2 (full 0):
 garbage-first heap   total 524288K, used 9342K [0x0000000601800000, 0x0000000800000000)
  region size 4096K, 1 young (4096K), 1 survivors (4096K)
 Metaspace       used 13416K, committed 13632K, reserved 1064960K
  class space    used 1474K, committed 1536K, reserved 1048576K
}
Event: 10.859 GC heap before
{Heap before GC invocations=2 (full 0):
 garbage-first heap   total 524288K, used 54398K [0x0000000601800000, 0x0000000800000000)
  region size 4096K, 12 young (49152K), 1 survivors (4096K)
 Metaspace       used 14444K, committed 14592K, reserved 1064960K
  class space    used 1592K, committed 1664K, reserved 1048576K
}
Event: 10.866 GC heap after
{Heap after GC invocations=3 (full 0):
 garbage-first heap   total 524288K, used 22222K [0x0000000601800000, 0x0000000800000000)
  region size 4096K, 2 young (8192K), 2 survivors (8192K)
 Metaspace       used 14444K, committed 14592K, reserved 1064960K
  class space    used 1592K, committed 1664K, reserved 1048576K
}

