# JRE version: Java(TM) SE Runtime Environment (16.0+36) (build 16+36-2231)
# Java VM: Java HotSpot(TM) 64-Bit Server VM (16+36-2231, mixed mode, sharing, tiered, compressed oops, g1 gc, windows-amd64)
GC Precious Log:
 CPUs: 8 total, 8 available
 Memory: 32670M
 Large Page Support: Disabled
 NUMA Support: Disabled
 Compressed Oops: Enabled (Zero based)
 Heap Region Size: 4M
 Heap Min Capacity: 8M
 Heap Initial Capacity: 512M
 Heap Max Capacity: 8168M
 Pre-touch: Disabled
 Parallel Workers: 8
 Concurrent Workers: 2
 Concurrent Refinement Workers: 8
 Periodic GC: Disabled
Heap:
 garbage-first heap   total 524288K, used 120875K [0x0000000601800000, 0x0000000800000000)
  region size 4096K, 24 young (98304K), 3 survivors (12288K)
 Metaspace       used 17312K, committed 17664K, reserved 1064960K
  class space    used 1958K, committed 2112K, reserved 1048576K
GC Heap History (8 events):
Event: 4.756 GC heap before
{Heap before GC invocations=0 (full 0):
 garbage-first heap   total 524288K, used 24576K [0x0000000601800000, 0x0000000800000000)
  region size 4096K, 6 young (24576K), 0 survivors (0K)
 Metaspace       used 12640K, committed 12864K, reserved 1064960K
  class space    used 1446K, committed 1536K, reserved 1048576K
}
Event: 4.760 GC heap after
{Heap after GC invocations=1 (full 0):
 garbage-first heap   total 524288K, used 4644K [0x0000000601800000, 0x0000000800000000)
  region size 4096K, 1 young (4096K), 1 survivors (4096K)
 Metaspace       used 12640K, committed 12864K, reserved 1064960K
  class space    used 1446K, committed 1536K, reserved 1048576K
}
Event: 6.206 GC heap before
{Heap before GC invocations=1 (full 0):
 garbage-first heap   total 524288K, used 25124K [0x0000000601800000, 0x0000000800000000)
  region size 4096K, 6 young (24576K), 1 survivors (4096K)
 Metaspace       used 13348K, committed 13568K, reserved 1064960K
  class space    used 1478K, committed 1600K, reserved 1048576K
}
Event: 6.210 GC heap after
{Heap after GC invocations=2 (full 0):
 garbage-first heap   total 524288K, used 9467K [0x0000000601800000, 0x0000000800000000)
  region size 4096K, 1 young (4096K), 1 survivors (4096K)
 Metaspace       used 13348K, committed 13568K, reserved 1064960K
  class space    used 1478K, committed 1600K, reserved 1048576K
}
Event: 6.281 GC heap before
{Heap before GC invocations=2 (full 0):
 garbage-first heap   total 524288K, used 50427K [0x0000000601800000, 0x0000000800000000)
  region size 4096K, 11 young (45056K), 1 survivors (4096K)
 Metaspace       used 13365K, committed 13568K, reserved 1064960K
  class space    used 1478K, committed 1600K, reserved 1048576K
}
Event: 6.288 GC heap after
{Heap after GC invocations=3 (full 0):
 garbage-first heap   total 524288K, used 22230K [0x0000000601800000, 0x0000000800000000)
  region size 4096K, 2 young (8192K), 2 survivors (8192K)
 Metaspace       used 13365K, committed 13568K, reserved 1064960K
  class space    used 1478K, committed 1600K, reserved 1048576K
}
Event: 268.514 GC heap before
{Heap before GC invocations=3 (full 0):
 garbage-first heap   total 524288K, used 54998K [0x0000000601800000, 0x0000000800000000)
  region size 4096K, 10 young (40960K), 2 survivors (8192K)
 Metaspace       used 16920K, committed 17216K, reserved 1064960K
  class space    used 1922K, committed 2048K, reserved 1048576K
}
Event: 268.522 GC heap after
{Heap after GC invocations=4 (full 0):
 garbage-first heap   total 524288K, used 27891K [0x0000000601800000, 0x0000000800000000)
  region size 4096K, 2 young (8192K), 2 survivors (8192K)
 Metaspace       used 16920K, committed 17216K, reserved 1064960K
  class space    used 1922K, committed 2048K, reserved 1048576K
}

