# JRE version: Java(TM) SE Runtime Environment (16.0+36) (build 16+36-2231)
# Java VM: Java HotSpot(TM) 64-Bit Server VM (16+36-2231, mixed mode, sharing, tiered, compressed oops, g1 gc, windows-amd64)
GC Precious Log:
 CPUs: 8 total, 8 available
 Memory: 32670M
 Large Page Support: Disabled
 NUMA Support: Disabled
 Compressed Oops: Enabled (Zero based)
 Heap Region Size: 4M
 Heap Min Capacity: 8M
 Heap Initial Capacity: 512M
 Heap Max Capacity: 8168M
 Pre-touch: Disabled
 Parallel Workers: 8
 Concurrent Workers: 2
 Concurrent Refinement Workers: 8
 Periodic GC: Disabled
Heap:
 garbage-first heap   total 524288K, used 104546K [0x0000000601800000, 0x0000000800000000)
  region size 4096K, 20 young (81920K), 3 survivors (12288K)
 Metaspace       used 17254K, committed 17536K, reserved 1064960K
  class space    used 1951K, committed 2112K, reserved 1048576K
GC Heap History (8 events):
Event: 4.254 GC heap before
{Heap before GC invocations=0 (full 0):
 garbage-first heap   total 524288K, used 24576K [0x0000000601800000, 0x0000000800000000)
  region size 4096K, 6 young (24576K), 0 survivors (0K)
 Metaspace       used 12587K, committed 12800K, reserved 1064960K
  class space    used 1447K, committed 1536K, reserved 1048576K
}
Event: 4.259 GC heap after
{Heap after GC invocations=1 (full 0):
 garbage-first heap   total 524288K, used 4663K [0x0000000601800000, 0x0000000800000000)
  region size 4096K, 1 young (4096K), 1 survivors (4096K)
 Metaspace       used 12587K, committed 12800K, reserved 1064960K
  class space    used 1447K, committed 1536K, reserved 1048576K
}
Event: 5.853 GC heap before
{Heap before GC invocations=1 (full 0):
 garbage-first heap   total 524288K, used 25143K [0x0000000601800000, 0x0000000800000000)
  region size 4096K, 6 young (24576K), 1 survivors (4096K)
 Metaspace       used 13328K, committed 13504K, reserved 1064960K
  class space    used 1475K, committed 1536K, reserved 1048576K
}
Event: 5.857 GC heap after
{Heap after GC invocations=2 (full 0):
 garbage-first heap   total 524288K, used 9490K [0x0000000601800000, 0x0000000800000000)
  region size 4096K, 1 young (4096K), 1 survivors (4096K)
 Metaspace       used 13328K, committed 13504K, reserved 1064960K
  class space    used 1475K, committed 1536K, reserved 1048576K
}
Event: 6.015 GC heap before
{Heap before GC invocations=2 (full 0):
 garbage-first heap   total 524288K, used 54546K [0x0000000601800000, 0x0000000800000000)
  region size 4096K, 12 young (49152K), 1 survivors (4096K)
 Metaspace       used 14778K, committed 14976K, reserved 1064960K
  class space    used 1628K, committed 1728K, reserved 1048576K
}
Event: 6.022 GC heap after
{Heap after GC invocations=3 (full 0):
 garbage-first heap   total 524288K, used 22739K [0x0000000601800000, 0x0000000800000000)
  region size 4096K, 2 young (8192K), 2 survivors (8192K)
 Metaspace       used 14778K, committed 14976K, reserved 1064960K
  class space    used 1628K, committed 1728K, reserved 1048576K
}
Event: 145.351 GC heap before
{Heap before GC invocations=3 (full 0):
 garbage-first heap   total 524288K, used 55507K [0x0000000601800000, 0x0000000800000000)
  region size 4096K, 10 young (40960K), 2 survivors (8192K)
 Metaspace       used 16986K, committed 17216K, reserved 1064960K
  class space    used 1930K, committed 2048K, reserved 1048576K
}
Event: 145.362 GC heap after
{Heap after GC invocations=4 (full 0):
 garbage-first heap   total 524288K, used 29512K [0x0000000601800000, 0x0000000800000000)
  region size 4096K, 2 young (8192K), 2 survivors (8192K)
 Metaspace       used 16986K, committed 17216K, reserved 1064960K
  class space    used 1930K, committed 2048K, reserved 1048576K
}

