# JRE version: Java(TM) SE Runtime Environment (16.0+36) (build 16+36-2231)
# Java VM: Java HotSpot(TM) 64-Bit Server VM (16+36-2231, mixed mode, sharing, tiered, compressed oops, g1 gc, windows-amd64)
GC Precious Log:
 CPUs: 8 total, 8 available
 Memory: 32670M
 Large Page Support: Disabled
 NUMA Support: Disabled
 Compressed Oops: Enabled (Zero based)
 Heap Region Size: 4M
 Heap Min Capacity: 8M
 Heap Initial Capacity: 512M
 Heap Max Capacity: 8168M
 Pre-touch: Disabled
 Parallel Workers: 8
 Concurrent Workers: 2
 Concurrent Refinement Workers: 8
 Periodic GC: Disabled
Heap:
 garbage-first heap   total 524288K, used 112754K [0x0000000601800000, 0x0000000800000000)
  region size 4096K, 22 young (90112K), 3 survivors (12288K)
 Metaspace       used 17232K, committed 17536K, reserved 1064960K
  class space    used 1949K, committed 2112K, reserved 1048576K
GC Heap History (8 events):
Event: 3.384 GC heap before
{Heap before GC invocations=0 (full 0):
 garbage-first heap   total 524288K, used 20480K [0x0000000601800000, 0x0000000800000000)
  region size 4096K, 6 young (24576K), 0 survivors (0K)
 Metaspace       used 12611K, committed 12800K, reserved 1064960K
  class space    used 1446K, committed 1536K, reserved 1048576K
}
Event: 3.388 GC heap after
{Heap after GC invocations=1 (full 0):
 garbage-first heap   total 524288K, used 4644K [0x0000000601800000, 0x0000000800000000)
  region size 4096K, 1 young (4096K), 1 survivors (4096K)
 Metaspace       used 12611K, committed 12800K, reserved 1064960K
  class space    used 1446K, committed 1536K, reserved 1048576K
}
Event: 4.952 GC heap before
{Heap before GC invocations=1 (full 0):
 garbage-first heap   total 524288K, used 25124K [0x0000000601800000, 0x0000000800000000)
  region size 4096K, 6 young (24576K), 1 survivors (4096K)
 Metaspace       used 13308K, committed 13440K, reserved 1064960K
  class space    used 1472K, committed 1536K, reserved 1048576K
}
Event: 4.956 GC heap after
{Heap after GC invocations=2 (full 0):
 garbage-first heap   total 524288K, used 9427K [0x0000000601800000, 0x0000000800000000)
  region size 4096K, 1 young (4096K), 1 survivors (4096K)
 Metaspace       used 13308K, committed 13440K, reserved 1064960K
  class space    used 1472K, committed 1536K, reserved 1048576K
}
Event: 5.022 GC heap before
{Heap before GC invocations=2 (full 0):
 garbage-first heap   total 524288K, used 50387K [0x0000000601800000, 0x0000000800000000)
  region size 4096K, 11 young (45056K), 1 survivors (4096K)
 Metaspace       used 13325K, committed 13504K, reserved 1064960K
  class space    used 1472K, committed 1536K, reserved 1048576K
}
Event: 5.029 GC heap after
{Heap after GC invocations=3 (full 0):
 garbage-first heap   total 524288K, used 22239K [0x0000000601800000, 0x0000000800000000)
  region size 4096K, 2 young (8192K), 2 survivors (8192K)
 Metaspace       used 13325K, committed 13504K, reserved 1064960K
  class space    used 1472K, committed 1536K, reserved 1048576K
}
Event: 164.123 GC heap before
{Heap before GC invocations=3 (full 0):
 garbage-first heap   total 524288K, used 55007K [0x0000000601800000, 0x0000000800000000)
  region size 4096K, 10 young (40960K), 2 survivors (8192K)
 Metaspace       used 16791K, committed 17088K, reserved 1064960K
  class space    used 1906K, committed 2048K, reserved 1048576K
}
Event: 164.131 GC heap after
{Heap after GC invocations=4 (full 0):
 garbage-first heap   total 524288K, used 28400K [0x0000000601800000, 0x0000000800000000)
  region size 4096K, 2 young (8192K), 2 survivors (8192K)
 Metaspace       used 16791K, committed 17088K, reserved 1064960K
  class space    used 1906K, committed 2048K, reserved 1048576K
}

