# JRE version: Java(TM) SE Runtime Environment (16.0+36) (build 16+36-2231)
# Java VM: Java HotSpot(TM) 64-Bit Server VM (16+36-2231, mixed mode, sharing, tiered, compressed oops, g1 gc, windows-amd64)
GC Precious Log:
 CPUs: 8 total, 8 available
 Memory: 32670M
 Large Page Support: Disabled
 NUMA Support: Disabled
 Compressed Oops: Enabled (Zero based)
 Heap Region Size: 4M
 Heap Min Capacity: 8M
 Heap Initial Capacity: 512M
 Heap Max Capacity: 8168M
 Pre-touch: Disabled
 Parallel Workers: 8
 Concurrent Workers: 2
 Concurrent Refinement Workers: 8
 Periodic GC: Disabled
Heap:
 garbage-first heap   total 823296K, used 467344K [0x0000000601800000, 0x0000000800000000)
  region size 4096K, 94 young (385024K), 1 survivors (4096K)
 Metaspace       used 17446K, committed 17792K, reserved 1064960K
  class space    used 1952K, committed 2112K, reserved 1048576K
GC Heap History (20 events):
Event: 3.370 GC heap before
{Heap before GC invocations=27 (full 0):
 garbage-first heap   total 684032K, used 495988K [0x0000000601800000, 0x0000000800000000)
  region size 4096K, 100 young (409600K), 1 survivors (4096K)
 Metaspace       used 11962K, committed 12096K, reserved 1064960K
  class space    used 1326K, committed 1408K, reserved 1048576K
}
Event: 3.371 GC heap after
{Heap after GC invocations=28 (full 0):
 garbage-first heap   total 684032K, used 90486K [0x0000000601800000, 0x0000000800000000)
  region size 4096K, 1 young (4096K), 1 survivors (4096K)
 Metaspace       used 11962K, committed 12096K, reserved 1064960K
  class space    used 1326K, committed 1408K, reserved 1048576K
}
Event: 3.446 GC heap before
{Heap before GC invocations=28 (full 0):
 garbage-first heap   total 684032K, used 495990K [0x0000000601800000, 0x0000000800000000)
  region size 4096K, 100 young (409600K), 1 survivors (4096K)
 Metaspace       used 11965K, committed 12096K, reserved 1064960K
  class space    used 1326K, committed 1408K, reserved 1048576K
}
Event: 3.447 GC heap after
{Heap after GC invocations=29 (full 0):
 garbage-first heap   total 684032K, used 90488K [0x0000000601800000, 0x0000000800000000)
  region size 4096K, 1 young (4096K), 1 survivors (4096K)
 Metaspace       used 11965K, committed 12096K, reserved 1064960K
  class space    used 1326K, committed 1408K, reserved 1048576K
}
Event: 3.510 GC heap before
{Heap before GC invocations=29 (full 0):
 garbage-first heap   total 684032K, used 495992K [0x0000000601800000, 0x0000000800000000)
  region size 4096K, 100 young (409600K), 1 survivors (4096K)
 Metaspace       used 11966K, committed 12096K, reserved 1064960K
  class space    used 1326K, committed 1408K, reserved 1048576K
}
Event: 3.511 GC heap after
{Heap after GC invocations=30 (full 0):
 garbage-first heap   total 684032K, used 90499K [0x0000000601800000, 0x0000000800000000)
  region size 4096K, 1 young (4096K), 1 survivors (4096K)
 Metaspace       used 11966K, committed 12096K, reserved 1064960K
  class space    used 1326K, committed 1408K, reserved 1048576K
}
Event: 3.583 GC heap before
{Heap before GC invocations=30 (full 0):
 garbage-first heap   total 684032K, used 496003K [0x0000000601800000, 0x0000000800000000)
  region size 4096K, 100 young (409600K), 1 survivors (4096K)
 Metaspace       used 11974K, committed 12096K, reserved 1064960K
  class space    used 1326K, committed 1408K, reserved 1048576K
}
Event: 3.584 GC heap after
{Heap after GC invocations=31 (full 0):
 garbage-first heap   total 823296K, used 90507K [0x0000000601800000, 0x0000000800000000)
  region size 4096K, 1 young (4096K), 1 survivors (4096K)
 Metaspace       used 11974K, committed 12096K, reserved 1064960K
  class space    used 1326K, committed 1408K, reserved 1048576K
}
Event: 3.695 GC heap before
{Heap before GC invocations=31 (full 0):
 garbage-first heap   total 823296K, used 577931K [0x0000000601800000, 0x0000000800000000)
  region size 4096K, 120 young (491520K), 1 survivors (4096K)
 Metaspace       used 11975K, committed 12096K, reserved 1064960K
  class space    used 1326K, committed 1408K, reserved 1048576K
}
Event: 3.696 GC heap after
{Heap after GC invocations=32 (full 0):
 garbage-first heap   total 823296K, used 90507K [0x0000000601800000, 0x0000000800000000)
  region size 4096K, 1 young (4096K), 1 survivors (4096K)
 Metaspace       used 11975K, committed 12096K, reserved 1064960K
  class space    used 1326K, committed 1408K, reserved 1048576K
}
Event: 3.786 GC heap before
{Heap before GC invocations=32 (full 0):
 garbage-first heap   total 823296K, used 577931K [0x0000000601800000, 0x0000000800000000)
  region size 4096K, 120 young (491520K), 1 survivors (4096K)
 Metaspace       used 11977K, committed 12096K, reserved 1064960K
  class space    used 1326K, committed 1408K, reserved 1048576K
}
Event: 3.787 GC heap after
{Heap after GC invocations=33 (full 0):
 garbage-first heap   total 823296K, used 90505K [0x0000000601800000, 0x0000000800000000)
  region size 4096K, 1 young (4096K), 1 survivors (4096K)
 Metaspace       used 11977K, committed 12096K, reserved 1064960K
  class space    used 1326K, committed 1408K, reserved 1048576K
}
Event: 3.866 GC heap before
{Heap before GC invocations=33 (full 0):
 garbage-first heap   total 823296K, used 577929K [0x0000000601800000, 0x0000000800000000)
  region size 4096K, 120 young (491520K), 1 survivors (4096K)
 Metaspace       used 11977K, committed 12096K, reserved 1064960K
  class space    used 1326K, committed 1408K, reserved 1048576K
}
Event: 3.867 GC heap after
{Heap after GC invocations=34 (full 0):
 garbage-first heap   total 823296K, used 90512K [0x0000000601800000, 0x0000000800000000)
  region size 4096K, 1 young (4096K), 1 survivors (4096K)
 Metaspace       used 11977K, committed 12096K, reserved 1064960K
  class space    used 1326K, committed 1408K, reserved 1048576K
}
Event: 3.951 GC heap before
{Heap before GC invocations=34 (full 0):
 garbage-first heap   total 823296K, used 577936K [0x0000000601800000, 0x0000000800000000)
  region size 4096K, 120 young (491520K), 1 survivors (4096K)
 Metaspace       used 11987K, committed 12160K, reserved 1064960K
  class space    used 1326K, committed 1408K, reserved 1048576K
}
Event: 3.952 GC heap after
{Heap after GC invocations=35 (full 0):
 garbage-first heap   total 823296K, used 90512K [0x0000000601800000, 0x0000000800000000)
  region size 4096K, 1 young (4096K), 1 survivors (4096K)
 Metaspace       used 11987K, committed 12160K, reserved 1064960K
  class space    used 1326K, committed 1408K, reserved 1048576K
}
Event: 4.032 GC heap before
{Heap before GC invocations=35 (full 0):
 garbage-first heap   total 823296K, used 577936K [0x0000000601800000, 0x0000000800000000)
  region size 4096K, 120 young (491520K), 1 survivors (4096K)
 Metaspace       used 11991K, committed 12160K, reserved 1064960K
  class space    used 1326K, committed 1408K, reserved 1048576K
}
Event: 4.032 GC heap after
{Heap after GC invocations=36 (full 0):
 garbage-first heap   total 823296K, used 90514K [0x0000000601800000, 0x0000000800000000)
  region size 4096K, 1 young (4096K), 1 survivors (4096K)
 Metaspace       used 11991K, committed 12160K, reserved 1064960K
  class space    used 1326K, committed 1408K, reserved 1048576K
}
Event: 4.177 GC heap before
{Heap before GC invocations=36 (full 0):
 garbage-first heap   total 823296K, used 577938K [0x0000000601800000, 0x0000000800000000)
  region size 4096K, 120 young (491520K), 1 survivors (4096K)
 Metaspace       used 12000K, committed 12160K, reserved 1064960K
  class space    used 1326K, committed 1408K, reserved 1048576K
}
Event: 4.178 GC heap after
{Heap after GC invocations=37 (full 0):
 garbage-first heap   total 823296K, used 90512K [0x0000000601800000, 0x0000000800000000)
  region size 4096K, 1 young (4096K), 1 survivors (4096K)
 Metaspace       used 12000K, committed 12160K, reserved 1064960K
  class space    used 1326K, committed 1408K, reserved 1048576K
}

