# JRE version: Java(TM) SE Runtime Environment (16.0+36) (build 16+36-2231)
# Java VM: Java HotSpot(TM) 64-Bit Server VM (16+36-2231, mixed mode, sharing, tiered, compressed oops, g1 gc, windows-amd64)
GC Precious Log:
 CPUs: 8 total, 8 available
 Memory: 32670M
 Large Page Support: Disabled
 NUMA Support: Disabled
 Compressed Oops: Enabled (Zero based)
 Heap Region Size: 4M
 Heap Min Capacity: 8M
 Heap Initial Capacity: 512M
 Heap Max Capacity: 8168M
 Pre-touch: Disabled
 Parallel Workers: 8
 Concurrent Workers: 2
 Concurrent Refinement Workers: 8
 Periodic GC: Disabled
Heap:
 garbage-first heap   total 524288K, used 116461K [0x0000000601800000, 0x0000000800000000)
  region size 4096K, 23 young (94208K), 3 survivors (12288K)
 Metaspace       used 17324K, committed 17664K, reserved 1064960K
  class space    used 1954K, committed 2112K, reserved 1048576K
GC Heap History (8 events):
Event: 4.421 GC heap before
{Heap before GC invocations=0 (full 0):
 garbage-first heap   total 524288K, used 24576K [0x0000000601800000, 0x0000000800000000)
  region size 4096K, 6 young (24576K), 0 survivors (0K)
 Metaspace       used 12408K, committed 12672K, reserved 1064960K
  class space    used 1413K, committed 1536K, reserved 1048576K
}
Event: 4.427 GC heap after
{Heap after GC invocations=1 (full 0):
 garbage-first heap   total 524288K, used 4415K [0x0000000601800000, 0x0000000800000000)
  region size 4096K, 1 young (4096K), 1 survivors (4096K)
 Metaspace       used 12408K, committed 12672K, reserved 1064960K
  class space    used 1413K, committed 1536K, reserved 1048576K
}
Event: 5.993 GC heap before
{Heap before GC invocations=1 (full 0):
 garbage-first heap   total 524288K, used 24895K [0x0000000601800000, 0x0000000800000000)
  region size 4096K, 6 young (24576K), 1 survivors (4096K)
 Metaspace       used 13405K, committed 13568K, reserved 1064960K
  class space    used 1474K, committed 1536K, reserved 1048576K
}
Event: 5.997 GC heap after
{Heap after GC invocations=2 (full 0):
 garbage-first heap   total 524288K, used 9183K [0x0000000601800000, 0x0000000800000000)
  region size 4096K, 1 young (4096K), 1 survivors (4096K)
 Metaspace       used 13405K, committed 13568K, reserved 1064960K
  class space    used 1474K, committed 1536K, reserved 1048576K
}
Event: 6.060 GC heap before
{Heap before GC invocations=2 (full 0):
 garbage-first heap   total 524288K, used 50143K [0x0000000601800000, 0x0000000800000000)
  region size 4096K, 11 young (45056K), 1 survivors (4096K)
 Metaspace       used 13421K, committed 13568K, reserved 1064960K
  class space    used 1474K, committed 1536K, reserved 1048576K
}
Event: 6.067 GC heap after
{Heap after GC invocations=3 (full 0):
 garbage-first heap   total 524288K, used 22132K [0x0000000601800000, 0x0000000800000000)
  region size 4096K, 2 young (8192K), 2 survivors (8192K)
 Metaspace       used 13421K, committed 13568K, reserved 1064960K
  class space    used 1474K, committed 1536K, reserved 1048576K
}
Event: 33.201 GC heap before
{Heap before GC invocations=3 (full 0):
 garbage-first heap   total 524288K, used 54900K [0x0000000601800000, 0x0000000800000000)
  region size 4096K, 10 young (40960K), 2 survivors (8192K)
 Metaspace       used 16951K, committed 17280K, reserved 1064960K
  class space    used 1920K, committed 2048K, reserved 1048576K
}
Event: 33.210 GC heap after
{Heap after GC invocations=4 (full 0):
 garbage-first heap   total 524288K, used 28613K [0x0000000601800000, 0x0000000800000000)
  region size 4096K, 2 young (8192K), 2 survivors (8192K)
 Metaspace       used 16951K, committed 17280K, reserved 1064960K
  class space    used 1920K, committed 2048K, reserved 1048576K
}

